
> nook-tunes@0.0.0 dev
> npm-run-all --parallel dev:css dev:vite


> nook-tunes@0.0.0 dev:vite
> vite


> nook-tunes@0.0.0 dev:css
> tailwindcss -i ./src/input.css -o ./src/output.css --watch

≈ tailwindcss v4.1.14


  VITE v7.1.10  ready in 191 ms

  ➜  Local:   http://localhost:5173/
  ➜  Network: use --host to expose
Done in 159ms
12:27:28 PM [vite] (client) hmr update /src/components/desktop/apps/DiaryExplorer.jsx
12:27:39 PM [vite] (client) hmr update /src/components/desktop/apps/DiaryExplorer.jsx
12:28:42 PM [vite] (client) hmr update /src/components/desktop/apps/DiaryExplorer.jsx
12:28:49 PM [vite] (client) hmr update /src/components/desktop/apps/DiaryExplorer.jsx
12:31:49 PM [vite] (client) hmr update /src/components/desktop/apps/DiaryExplorer.jsx
12:31:51 PM [vite] (client) hmr update /src/components/desktop/apps/DiaryExplorer.jsx
12:34:53 PM [vite] (client) hmr update /src/components/desktop/apps/DiaryExplorer.jsx
12:35:00 PM [vite] (client) hmr update /src/components/desktop/apps/DiaryExplorer.jsx
12:35:16 PM [vite] (client) hmr update /src/components/desktop/apps/DiaryExplorer.jsx
12:35:40 PM [vite] (client) hmr update /src/components/desktop/apps/DiaryExplorer.jsx
12:35:50 PM [vite] (client) hmr update /src/components/desktop/apps/DiaryExplorer.jsx
12:37:59 PM [vite] (client) hmr update /src/components/desktop/apps/DiaryExplorer.jsx
12:38:06 PM [vite] (client) hmr update /src/components/desktop/apps/DiaryExplorer.jsx
12:38:28 PM [vite] (client) hmr update /src/components/desktop/apps/DiaryExplorer.jsx
12:38:45 PM [vite] (client) hmr update /src/components/desktop/apps/DiaryExplorer.jsx
12:39:03 PM [vite] (client) hmr update /src/pages/Desktop.jsx
12:39:12 PM [vite] (client) hmr update /src/pages/Desktop.jsx
12:39:41 PM [vite] (client) hmr update /src/components/desktop/apps/DiaryExplorer.jsx
12:39:41 PM [vite] (client) hmr update /src/components/desktop/apps/FileViewer.jsx
12:39:42 PM [vite] (client) hmr update /src/pages/Desktop.jsx
12:41:11 PM [vite] (client) hmr update /src/components/desktop/apps/DiaryExplorer.jsx
12:41:20 PM [vite] (client) hmr update /src/components/desktop/apps/DiaryExplorer.jsx
12:41:32 PM [vite] (client) hmr update /src/App.jsx, /src/pages/LandingPage.jsx, /src/pages/AuthPage.jsx, /src/pages/DiaryInputPage.jsx, /src/pages/SongSelectorPage.jsx, /src/pages/Desktop.jsx, /src/components/desktop/DesktopShell.jsx, /src/components/desktop/apps/DiaryExplorer.jsx, /src/components/desktop/apps/MusicPlayer.jsx, /src/components/desktop/apps/MusicLibrary.jsx, /src/components/desktop/apps/Profile.jsx, /src/components/desktop/apps/Settings.jsx
12:41:40 PM [vite] (client) hmr update /src/components/desktop/apps/DiaryExplorer.jsx
12:41:51 PM [vite] (client) hmr update /src/components/desktop/apps/DiaryExplorer.jsx
12:42:11 PM [vite] (client) hmr update /src/components/desktop/apps/DiaryExplorer.jsx
12:42:24 PM [vite] (client) hmr update /src/components/desktop/apps/DiaryExplorer.jsx
12:42:42 PM [vite] (client) hmr update /src/components/desktop/apps/DiaryExplorer.jsx
12:42:42 PM [vite] (client) hmr update /src/App.jsx, /src/pages/LandingPage.jsx, /src/pages/AuthPage.jsx, /src/pages/DiaryInputPage.jsx, /src/pages/SongSelectorPage.jsx, /src/pages/Desktop.jsx, /src/components/desktop/DesktopShell.jsx, /src/components/desktop/apps/DiaryExplorer.jsx, /src/components/desktop/apps/MusicPlayer.jsx, /src/components/desktop/apps/MusicLibrary.jsx, /src/components/desktop/apps/Profile.jsx, /src/components/desktop/apps/Settings.jsx
12:46:08 PM [vite] (client) hmr update /src/App.jsx, /src/pages/LandingPage.jsx, /src/pages/AuthPage.jsx, /src/pages/DiaryInputPage.jsx, /src/pages/SongSelectorPage.jsx, /src/pages/Desktop.jsx, /src/components/desktop/DesktopShell.jsx, /src/components/desktop/apps/DiaryExplorer.jsx, /src/components/desktop/apps/MusicPlayer.jsx, /src/components/desktop/apps/MusicLibrary.jsx, /src/components/desktop/apps/Profile.jsx, /src/components/desktop/apps/Settings.jsx
12:46:26 PM [vite] (client) hmr update /src/App.jsx, /src/pages/LandingPage.jsx, /src/pages/AuthPage.jsx, /src/pages/DiaryInputPage.jsx, /src/pages/SongSelectorPage.jsx, /src/pages/Desktop.jsx, /src/components/desktop/DesktopShell.jsx, /src/components/desktop/apps/DiaryExplorer.jsx, /src/components/desktop/apps/MusicPlayer.jsx, /src/components/desktop/apps/MusicLibrary.jsx, /src/components/desktop/apps/Profile.jsx, /src/components/desktop/apps/Settings.jsx
12:46:33 PM [vite] (client) hmr update /src/App.jsx, /src/pages/LandingPage.jsx, /src/pages/AuthPage.jsx, /src/pages/DiaryInputPage.jsx, /src/pages/SongSelectorPage.jsx, /src/pages/Desktop.jsx, /src/components/desktop/DesktopShell.jsx, /src/components/desktop/apps/DiaryExplorer.jsx, /src/components/desktop/apps/MusicPlayer.jsx, /src/components/desktop/apps/MusicLibrary.jsx, /src/components/desktop/apps/Profile.jsx, /src/components/desktop/apps/Settings.jsx
12:46:42 PM [vite] (client) hmr update /src/components/desktop/apps/DiaryExplorer.jsx
12:46:52 PM [vite] (client) hmr update /src/components/desktop/apps/DiaryExplorer.jsx
12:47:01 PM [vite] (client) hmr update /src/components/desktop/apps/DiaryExplorer.jsx
12:47:10 PM [vite] (client) hmr update /src/components/desktop/apps/DiaryExplorer.jsx
12:47:50 PM [vite] (client) hmr update /src/components/desktop/apps/Trash.jsx
12:49:04 PM [vite] (client) hmr update /src/components/desktop/apps/DiaryExplorer.jsx
12:49:04 PM [vite] (client) hmr update /src/App.jsx, /src/pages/LandingPage.jsx, /src/pages/AuthPage.jsx, /src/pages/DiaryInputPage.jsx, /src/pages/SongSelectorPage.jsx, /src/pages/Desktop.jsx, /src/components/desktop/DesktopShell.jsx, /src/components/desktop/apps/DiaryExplorer.jsx, /src/components/desktop/apps/MusicPlayer.jsx, /src/components/desktop/apps/MusicLibrary.jsx, /src/components/desktop/apps/Profile.jsx, /src/components/desktop/apps/Settings.jsx, /src/components/desktop/apps/Trash.jsx
12:49:04 PM [vite] (client) hmr update /src/components/desktop/apps/Trash.jsx
1:03:22 PM [vite] (client) hmr update /src/components/desktop/apps/DiaryExplorer.jsx
1:03:32 PM [vite] (client) hmr update /src/components/desktop/apps/DiaryExplorer.jsx
1:03:45 PM [vite] (client) hmr update /src/components/desktop/apps/DiaryExplorer.jsx
1:05:54 PM [vite] (client) hmr update /src/App.jsx, /src/pages/LandingPage.jsx, /src/pages/AuthPage.jsx, /src/pages/DiaryInputPage.jsx, /src/pages/SongSelectorPage.jsx, /src/pages/Desktop.jsx, /src/components/desktop/DesktopShell.jsx, /src/components/desktop/apps/DiaryExplorer.jsx, /src/components/desktop/apps/MusicPlayer.jsx, /src/components/desktop/apps/MusicLibrary.jsx, /src/components/desktop/apps/Profile.jsx, /src/components/desktop/apps/Settings.jsx, /src/components/desktop/apps/Trash.jsx
1:06:08 PM [vite] (client) hmr update /src/components/desktop/apps/DiaryExplorer.jsx
1:06:21 PM [vite] (client) hmr update /src/components/desktop/apps/DiaryExplorer.jsx
1:06:35 PM [vite] (client) hmr update /src/components/desktop/apps/DiaryExplorer.jsx
1:06:35 PM [vite] (client) hmr update /src/App.jsx, /src/pages/LandingPage.jsx, /src/pages/AuthPage.jsx, /src/pages/DiaryInputPage.jsx, /src/pages/SongSelectorPage.jsx, /src/pages/Desktop.jsx, /src/components/desktop/DesktopShell.jsx, /src/components/desktop/apps/DiaryExplorer.jsx, /src/components/desktop/apps/MusicPlayer.jsx, /src/components/desktop/apps/MusicLibrary.jsx, /src/components/desktop/apps/Profile.jsx, /src/components/desktop/apps/Settings.jsx, /src/components/desktop/apps/Trash.jsx
1:10:40 PM [vite] (client) hmr update /src/App.jsx, /src/pages/LandingPage.jsx, /src/pages/AuthPage.jsx, /src/pages/DiaryInputPage.jsx, /src/pages/SongSelectorPage.jsx, /src/pages/Desktop.jsx, /src/components/desktop/DesktopShell.jsx, /src/components/desktop/apps/DiaryExplorer.jsx, /src/components/desktop/apps/MusicPlayer.jsx, /src/components/desktop/apps/MusicLibrary.jsx, /src/components/desktop/apps/Profile.jsx, /src/components/desktop/apps/Settings.jsx, /src/components/desktop/apps/Trash.jsx
1:10:51 PM [vite] (client) hmr update /src/App.jsx, /src/pages/LandingPage.jsx, /src/pages/AuthPage.jsx, /src/pages/DiaryInputPage.jsx, /src/pages/SongSelectorPage.jsx, /src/pages/Desktop.jsx, /src/components/desktop/DesktopShell.jsx, /src/components/desktop/apps/DiaryExplorer.jsx, /src/components/desktop/apps/MusicPlayer.jsx, /src/components/desktop/apps/MusicLibrary.jsx, /src/components/desktop/apps/Profile.jsx, /src/components/desktop/apps/Settings.jsx, /src/components/desktop/apps/Trash.jsx
1:11:05 PM [vite] (client) hmr update /src/App.jsx, /src/pages/LandingPage.jsx, /src/pages/AuthPage.jsx, /src/pages/DiaryInputPage.jsx, /src/pages/SongSelectorPage.jsx, /src/pages/Desktop.jsx, /src/components/desktop/DesktopShell.jsx, /src/components/desktop/apps/DiaryExplorer.jsx, /src/components/desktop/apps/MusicPlayer.jsx, /src/components/desktop/apps/MusicLibrary.jsx, /src/components/desktop/apps/Profile.jsx, /src/components/desktop/apps/Settings.jsx, /src/components/desktop/apps/Trash.jsx
1:11:15 PM [vite] (client) hmr update /src/App.jsx, /src/pages/LandingPage.jsx, /src/pages/AuthPage.jsx, /src/pages/DiaryInputPage.jsx, /src/pages/SongSelectorPage.jsx, /src/pages/Desktop.jsx, /src/components/desktop/DesktopShell.jsx, /src/components/desktop/apps/DiaryExplorer.jsx, /src/components/desktop/apps/MusicPlayer.jsx, /src/components/desktop/apps/MusicLibrary.jsx, /src/components/desktop/apps/Profile.jsx, /src/components/desktop/apps/Settings.jsx, /src/components/desktop/apps/Trash.jsx
1:12:59 PM [vite] (client) hmr update /src/App.jsx, /src/pages/LandingPage.jsx, /src/pages/AuthPage.jsx, /src/pages/DiaryInputPage.jsx, /src/pages/SongSelectorPage.jsx, /src/pages/Desktop.jsx, /src/components/desktop/DesktopShell.jsx, /src/components/desktop/apps/DiaryExplorer.jsx, /src/components/desktop/apps/MusicPlayer.jsx, /src/components/desktop/apps/MusicLibrary.jsx, /src/components/desktop/apps/Profile.jsx, /src/components/desktop/apps/Settings.jsx, /src/components/desktop/apps/Trash.jsx, /src/contexts/AuthContext.jsx, /src/pages/SpotifyCallback.jsx
1:12:59 PM [vite] (client) hmr invalidate /src/contexts/AuthContext.jsx Could not Fast Refresh ("useAuth" export is incompatible). Learn more at https://github.com/vitejs/vite-plugin-react/tree/main/packages/plugin-react#consistent-components-exports
1:12:59 PM [vite] (client) hmr update /src/App.jsx, /src/pages/AuthPage.jsx, /src/pages/DiaryInputPage.jsx, /src/pages/SongSelectorPage.jsx, /src/components/desktop/DesktopShell.jsx
1:13:04 PM [vite] (client) hmr update /src/App.jsx, /src/pages/LandingPage.jsx, /src/pages/AuthPage.jsx, /src/pages/DiaryInputPage.jsx, /src/pages/SongSelectorPage.jsx, /src/pages/Desktop.jsx, /src/components/desktop/DesktopShell.jsx, /src/components/desktop/apps/DiaryExplorer.jsx, /src/components/desktop/apps/MusicPlayer.jsx, /src/components/desktop/apps/MusicLibrary.jsx, /src/components/desktop/apps/Profile.jsx, /src/components/desktop/apps/Settings.jsx, /src/components/desktop/apps/Trash.jsx, /src/contexts/AuthContext.jsx, /src/pages/SpotifyCallback.jsx
1:13:04 PM [vite] (client) hmr invalidate /src/contexts/AuthContext.jsx Could not Fast Refresh ("useAuth" export is incompatible). Learn more at https://github.com/vitejs/vite-plugin-react/tree/main/packages/plugin-react#consistent-components-exports
1:13:04 PM [vite] (client) hmr update /src/App.jsx, /src/pages/AuthPage.jsx, /src/pages/DiaryInputPage.jsx, /src/pages/SongSelectorPage.jsx, /src/components/desktop/DesktopShell.jsx
1:15:11 PM [vite] (client) hmr update /src/App.jsx, /src/pages/LandingPage.jsx, /src/pages/AuthPage.jsx, /src/pages/DiaryInputPage.jsx, /src/pages/SongSelectorPage.jsx, /src/pages/Desktop.jsx, /src/components/desktop/DesktopShell.jsx, /src/components/desktop/apps/DiaryExplorer.jsx, /src/components/desktop/apps/MusicPlayer.jsx, /src/components/desktop/apps/MusicLibrary.jsx, /src/components/desktop/apps/Profile.jsx, /src/components/desktop/apps/Settings.jsx, /src/components/desktop/apps/Trash.jsx
1:17:04 PM [vite] (client) hmr update /src/App.jsx, /src/pages/LandingPage.jsx, /src/pages/AuthPage.jsx, /src/pages/DiaryInputPage.jsx, /src/pages/SongSelectorPage.jsx, /src/pages/Desktop.jsx, /src/components/desktop/DesktopShell.jsx, /src/components/desktop/apps/DiaryExplorer.jsx, /src/components/desktop/apps/MusicPlayer.jsx, /src/components/desktop/apps/MusicLibrary.jsx, /src/components/desktop/apps/Profile.jsx, /src/components/desktop/apps/Settings.jsx, /src/components/desktop/apps/Trash.jsx
1:20:01 PM [vite] (client) hmr update /src/App.jsx, /src/pages/LandingPage.jsx, /src/pages/AuthPage.jsx, /src/pages/DiaryInputPage.jsx, /src/pages/SongSelectorPage.jsx, /src/pages/Desktop.jsx, /src/components/desktop/DesktopShell.jsx, /src/components/desktop/apps/DiaryExplorer.jsx, /src/components/desktop/apps/MusicPlayer.jsx, /src/components/desktop/apps/MusicLibrary.jsx, /src/components/desktop/apps/Profile.jsx, /src/components/desktop/apps/Settings.jsx, /src/components/desktop/apps/Trash.jsx
1:20:19 PM [vite] (client) hmr update /src/App.jsx, /src/pages/LandingPage.jsx, /src/pages/AuthPage.jsx, /src/pages/DiaryInputPage.jsx, /src/pages/SongSelectorPage.jsx, /src/pages/Desktop.jsx, /src/components/desktop/DesktopShell.jsx, /src/components/desktop/apps/DiaryExplorer.jsx, /src/components/desktop/apps/MusicPlayer.jsx, /src/components/desktop/apps/MusicLibrary.jsx, /src/components/desktop/apps/Profile.jsx, /src/components/desktop/apps/Settings.jsx, /src/components/desktop/apps/Trash.jsx
1:20:28 PM [vite] (client) hmr update /src/App.jsx, /src/pages/LandingPage.jsx, /src/pages/AuthPage.jsx, /src/pages/DiaryInputPage.jsx, /src/pages/SongSelectorPage.jsx, /src/pages/Desktop.jsx, /src/components/desktop/DesktopShell.jsx, /src/components/desktop/apps/DiaryExplorer.jsx, /src/components/desktop/apps/MusicPlayer.jsx, /src/components/desktop/apps/MusicLibrary.jsx, /src/components/desktop/apps/Profile.jsx, /src/components/desktop/apps/Settings.jsx, /src/components/desktop/apps/Trash.jsx
